Determining if the pthread_create exist failed with the following output:
Change Dir: /home/mopkobka/CourseWork/py-faster-rcnn/caffe-fast-rcnn-py3/cmake-build-debug/CMakeFiles/CMakeTmp

Run Build Command:"/usr/bin/make" "cmTC_e7b03/fast"
/usr/bin/make -f CMakeFiles/cmTC_e7b03.dir/build.make CMakeFiles/cmTC_e7b03.dir/build
make[1]: Entering directory '/home/mopkobka/CourseWork/py-faster-rcnn/caffe-fast-rcnn-py3/cmake-build-debug/CMakeFiles/CMakeTmp'
Building C object CMakeFiles/cmTC_e7b03.dir/CheckSymbolExists.c.o
/usr/bin/cc     -o CMakeFiles/cmTC_e7b03.dir/CheckSymbolExists.c.o   -c /home/mopkobka/CourseWork/py-faster-rcnn/caffe-fast-rcnn-py3/cmake-build-debug/CMakeFiles/CMakeTmp/CheckSymbolExists.c
Linking C executable cmTC_e7b03
"/home/mopkobka/IntelliJ products/clion-2017.1/bin/cmake/bin/cmake" -E cmake_link_script CMakeFiles/cmTC_e7b03.dir/link.txt --verbose=1
/usr/bin/cc       CMakeFiles/cmTC_e7b03.dir/CheckSymbolExists.c.o  -o cmTC_e7b03 -rdynamic 
CMakeFiles/cmTC_e7b03.dir/CheckSymbolExists.c.o: In function `main':
CheckSymbolExists.c:(.text+0x16): undefined reference to `pthread_create'
collect2: error: ld returned 1 exit status
CMakeFiles/cmTC_e7b03.dir/build.make:97: recipe for target 'cmTC_e7b03' failed
make[1]: *** [cmTC_e7b03] Error 1
make[1]: Leaving directory '/home/mopkobka/CourseWork/py-faster-rcnn/caffe-fast-rcnn-py3/cmake-build-debug/CMakeFiles/CMakeTmp'
Makefile:126: recipe for target 'cmTC_e7b03/fast' failed
make: *** [cmTC_e7b03/fast] Error 2

File /home/mopkobka/CourseWork/py-faster-rcnn/caffe-fast-rcnn-py3/cmake-build-debug/CMakeFiles/CMakeTmp/CheckSymbolExists.c:
/* */
#include <pthread.h>

int main(int argc, char** argv)
{
  (void)argv;
#ifndef pthread_create
  return ((int*)(&pthread_create))[argc];
#else
  (void)argc;
  return 0;
#endif
}

Determining if the function pthread_create exists in the pthreads failed with the following output:
Change Dir: /home/mopkobka/CourseWork/py-faster-rcnn/caffe-fast-rcnn-py3/cmake-build-debug/CMakeFiles/CMakeTmp

Run Build Command:"/usr/bin/make" "cmTC_74092/fast"
/usr/bin/make -f CMakeFiles/cmTC_74092.dir/build.make CMakeFiles/cmTC_74092.dir/build
make[1]: Entering directory '/home/mopkobka/CourseWork/py-faster-rcnn/caffe-fast-rcnn-py3/cmake-build-debug/CMakeFiles/CMakeTmp'
Building C object CMakeFiles/cmTC_74092.dir/CheckFunctionExists.c.o
/usr/bin/cc    -DCHECK_FUNCTION_EXISTS=pthread_create   -o CMakeFiles/cmTC_74092.dir/CheckFunctionExists.c.o   -c "/home/mopkobka/IntelliJ products/clion-2017.1/bin/cmake/share/cmake-3.7/Modules/CheckFunctionExists.c"
Linking C executable cmTC_74092
"/home/mopkobka/IntelliJ products/clion-2017.1/bin/cmake/bin/cmake" -E cmake_link_script CMakeFiles/cmTC_74092.dir/link.txt --verbose=1
/usr/bin/cc   -DCHECK_FUNCTION_EXISTS=pthread_create    CMakeFiles/cmTC_74092.dir/CheckFunctionExists.c.o  -o cmTC_74092 -rdynamic -lpthreads 
/usr/bin/ld: cannot find -lpthreads
collect2: error: ld returned 1 exit status
CMakeFiles/cmTC_74092.dir/build.make:97: recipe for target 'cmTC_74092' failed
make[1]: *** [cmTC_74092] Error 1
make[1]: Leaving directory '/home/mopkobka/CourseWork/py-faster-rcnn/caffe-fast-rcnn-py3/cmake-build-debug/CMakeFiles/CMakeTmp'
Makefile:126: recipe for target 'cmTC_74092/fast' failed
make: *** [cmTC_74092/fast] Error 2


